#
# A fatal error has been detected by the Java Runtime Environment:
#
#  Internal Error (javaClasses.cpp:136), pid=9000, tid=4904
#  fatal error: Invalid layout of preloaded class
#
# JRE version:  (7.0_45-b18) (build )
# Java VM: Java HotSpot(TM) Client VM (24.45-b08 mixed mode windows-x86 )
# Failed to write core dump. Minidumps are not enabled by default on client versions of Windows
#
# If you would like to submit a bug report, please visit:
#   http://bugreport.sun.com/bugreport/crash.jsp
#

---------------  T H R E A D  ---------------

Current thread (0x008bd000):  JavaThread "Unknown thread" [_thread_in_vm, id=4904, stack(0x007b0000,0x00800000)]

Stack: [0x007b0000,0x00800000],  sp=0x007ff764,  free space=317k
Native frames: (J=compiled Java code, j=interpreted, Vv=VM code, C=native code)
V  [jvm.dll+0x18df51]
V  [jvm.dll+0x187cc6]
V  [jvm.dll+0x3586a]
V  [jvm.dll+0x358f6]
V  [jvm.dll+0x4400d]
V  [jvm.dll+0x442be]
V  [jvm.dll+0x9263a]
V  [jvm.dll+0x929eb]
V  [jvm.dll+0x13daf1]
V  [jvm.dll+0x1605fc]
V  [jvm.dll+0xc8ebf]
C  [javaw.exe+0x13ce]
C  [javaw.exe+0x1e40]
C  [javaw.exe+0xa5b1]
C  [javaw.exe+0xa63b]
C  [kernel32.dll+0x1336a]
C  [ntdll.dll+0x39882]
C  [ntdll.dll+0x39855]


---------------  P R O C E S S  ---------------

Java Threads: ( => current thread )

Other Threads:

=>0x008bd000 (exited) JavaThread "Unknown thread" [_thread_in_vm, id=4904, stack(0x007b0000,0x00800000)]

VM state:not at safepoint (not fully initialized)

VM Mutex/Monitor currently owned by a thread: None

GC Heap History (0 events):
No events

Deoptimization events (0 events):
No events

Internal exceptions (0 events):
No events

Events (10 events):
Event: 0.049 loading class 0x02489870 done
Event: 0.050 loading class 0x02489300 done
Event: 0.050 loading class 0x024892e0
Event: 0.050 loading class 0x02490608
Event: 0.050 loading class 0x02490608 done
Event: 0.050 loading class 0x02490638
Event: 0.050 loading class 0x02490638 done
Event: 0.050 loading class 0x02490668
Event: 0.050 loading class 0x02490668 done
Event: 0.050 loading class 0x024892e0 done


Dynamic libraries:
0x01020000 - 0x0104f000 	D:\编程相关软件\Android\JDK\bin\javaw.exe
0x77020000 - 0x771a0000 	C:\Windows\SysWOW64\ntdll.dll
0x76440000 - 0x76550000 	C:\Windows\syswow64\kernel32.dll
0x74f10000 - 0x74f57000 	C:\Windows\syswow64\KERNELBASE.dll
0x76550000 - 0x765f0000 	C:\Windows\syswow64\ADVAPI32.dll
0x765f0000 - 0x7669c000 	C:\Windows\syswow64\msvcrt.dll
0x76220000 - 0x76239000 	C:\Windows\SysWOW64\sechost.dll
0x76930000 - 0x76a20000 	C:\Windows\syswow64\RPCRT4.dll
0x74b40000 - 0x74ba0000 	C:\Windows\syswow64\SspiCli.dll
0x74b30000 - 0x74b3c000 	C:\Windows\syswow64\CRYPTBASE.dll
0x76340000 - 0x76440000 	C:\Windows\syswow64\USER32.dll
0x74ff0000 - 0x75080000 	C:\Windows\syswow64\GDI32.dll
0x76800000 - 0x7680a000 	C:\Windows\syswow64\LPK.dll
0x76240000 - 0x762dd000 	C:\Windows\syswow64\USP10.dll
0x70ac0000 - 0x70c5e000 	C:\Windows\WinSxS\x86_microsoft.windows.common-controls_6595b64144ccf1df_6.0.7601.18837_none_41e855142bd5705d\COMCTL32.dll
0x75410000 - 0x75467000 	C:\Windows\syswow64\SHLWAPI.dll
0x753b0000 - 0x75410000 	C:\Windows\system32\IMM32.DLL
0x76830000 - 0x768fc000 	C:\Windows\syswow64\MSCTF.dll
0x6ecd0000 - 0x6ed8f000 	D:\编程相关软件\Android\JDK\jre\bin\msvcr100.dll
0x55fc0000 - 0x56340000 	D:\编程相关软件\Android\JDK\jre\bin\client\jvm.dll
0x71690000 - 0x71697000 	C:\Windows\system32\WSOCK32.dll
0x75470000 - 0x754a5000 	C:\Windows\syswow64\WS2_32.dll
0x76810000 - 0x76816000 	C:\Windows\syswow64\NSI.dll
0x73140000 - 0x73172000 	C:\Windows\system32\WINMM.dll
0x76820000 - 0x76825000 	C:\Windows\syswow64\PSAPI.DLL
0x746e0000 - 0x746ec000 	D:\编程相关软件\Android\JDK\jre\bin\verify.dll
0x74230000 - 0x74250000 	D:\编程相关软件\Android\JDK\jre\bin\java.dll
0x74200000 - 0x7422a000 	D:\编程相关软件\Android\JDK\jre\bin\jdwp.dll
0x747e0000 - 0x747e7000 	D:\编程相关软件\Android\JDK\jre\bin\npt.dll
0x73e70000 - 0x73e83000 	D:\编程相关软件\Android\JDK\jre\bin\zip.dll
0x70000000 - 0x700eb000 	C:\Windows\system32\dbghelp.dll

VM Arguments:
jvm_args: -agentlib:jdwp=transport=dt_socket,suspend=y,address=localhost:13259 -Dfile.encoding=UTF-8 -Xbootclasspath:D:\编程相关软件\Android\SDK\sdk\platforms\android-17\android.jar 
java_command: org.junit.runner.JUnitCore
Launcher Type: SUN_STANDARD

Environment Variables:
JAVA_HOME=D:\编程相关软件\Android\JDK
CLASSPATH=.;D:\编程相关软件\Android\JDK\lib\tools.jar;D:\编程相关软件\Android\JDK\lib\dt.jar;D:\编程相关软件\Android\JDK\bin;
PATH=D:\编程相关软件\Android\JDK\jre\bin;D:/编程相关软件/Android/JDK/bin/../jre/bin/client;D:/编程相关软件/Android/JDK/bin/../jre/bin;D:/编程相关软件/Android/JDK/bin/../jre/lib/i386;E:\软件\platform-tools;D:\编程相关软件\Android\JDK\bin;C:\Program Files (x86)\Intel\iCLS Client\;C:\Program Files\Intel\iCLS Client\;C:\Windows\system32;C:\Windows;C:\Windows\System32\Wbem;C:\Windows\System32\WindowsPowerShell\v1.0\;C:\Program Files\Intel\Intel(R) Management Engine Components\DAL;C:\Program Files\Intel\Intel(R) Management Engine Components\IPT;C:\Program Files (x86)\Intel\Intel(R) Management Engine Components\DAL;C:\Program Files (x86)\Intel\Intel(R) Management Engine Components\IPT;D:\编程相关软件\Git\cmd;C:\Program Files (x86)\Microsoft SQL Server\100\Tools\Binn\;C:\Program Files\Microsoft SQL Server\100\Tools\Binn\;C:\Program Files\Microsoft SQL Server\100\DTS\Binn\;C:\Program Files\TortoiseSVN\bin;D:\编程相关软件\Diffuse;D:\编程相关软件\Android2\adt-bundle-windows-x86-20130717\eclipse;
USERNAME=Cai
OS=Windows_NT
PROCESSOR_IDENTIFIER=Intel64 Family 6 Model 58 Stepping 9, GenuineIntel



---------------  S Y S T E M  ---------------

OS: Windows 7 , 64 bit Build 7601 Service Pack 1

CPU:total 4 (4 cores per cpu, 1 threads per core) family 6 model 58 stepping 9, cmov, cx8, fxsr, mmx, sse, sse2, sse3, ssse3, sse4.1, sse4.2, popcnt, avx, aes, erms, tsc, tscinvbit, tscinv

Memory: 4k page, physical 8263608k(3710736k free), swap 16525376k(10585380k free)

vm_info: Java HotSpot(TM) Client VM (24.45-b08) for windows-x86 JRE (1.7.0_45-b18), built on Oct  8 2013 06:02:43 by "java_re" with unknown MS VC++:1600

time: Tue Sep 22 17:08:38 2015
elapsed time: 0 seconds

